mode: set
github.com/igeargeek/igg-golang-api-response/response/unauthorized.go:3.70,5.19 2 1
github.com/igeargeek/igg-golang-api-response/response/unauthorized.go:8.2,11.17 2 1
github.com/igeargeek/igg-golang-api-response/response/unauthorized.go:5.19,7.3 1 1
github.com/igeargeek/igg-golang-api-response/response/collection.go:3.93,5.19 2 1
github.com/igeargeek/igg-golang-api-response/response/collection.go:8.2,12.17 2 1
github.com/igeargeek/igg-golang-api-response/response/collection.go:5.19,7.3 1 1
github.com/igeargeek/igg-golang-api-response/response/created.go:3.81,5.19 2 1
github.com/igeargeek/igg-golang-api-response/response/created.go:8.2,12.17 2 1
github.com/igeargeek/igg-golang-api-response/response/created.go:5.19,7.3 1 1
github.com/igeargeek/igg-golang-api-response/response/deleted.go:3.65,5.19 2 1
github.com/igeargeek/igg-golang-api-response/response/deleted.go:8.2,11.17 2 1
github.com/igeargeek/igg-golang-api-response/response/deleted.go:5.19,7.3 1 1
github.com/igeargeek/igg-golang-api-response/response/success.go:3.81,5.19 2 1
github.com/igeargeek/igg-golang-api-response/response/success.go:8.2,12.17 2 1
github.com/igeargeek/igg-golang-api-response/response/success.go:5.19,7.3 1 1
github.com/igeargeek/igg-golang-api-response/response/updated.go:3.81,5.19 2 1
github.com/igeargeek/igg-golang-api-response/response/updated.go:8.2,12.17 2 1
github.com/igeargeek/igg-golang-api-response/response/updated.go:5.19,7.3 1 1
github.com/igeargeek/igg-golang-api-response/response/internalServerError.go:3.77,5.19 2 1
github.com/igeargeek/igg-golang-api-response/response/internalServerError.go:8.2,11.17 2 1
github.com/igeargeek/igg-golang-api-response/response/internalServerError.go:5.19,7.3 1 1
github.com/igeargeek/igg-golang-api-response/response/notFound.go:3.66,5.19 2 1
github.com/igeargeek/igg-golang-api-response/response/notFound.go:8.2,11.17 2 1
github.com/igeargeek/igg-golang-api-response/response/notFound.go:5.19,7.3 1 1
github.com/igeargeek/igg-golang-api-response/response/unprocessableEntity.go:3.77,5.19 2 1
github.com/igeargeek/igg-golang-api-response/response/unprocessableEntity.go:8.2,11.17 2 1
github.com/igeargeek/igg-golang-api-response/response/unprocessableEntity.go:5.19,7.3 1 1
github.com/igeargeek/igg-golang-api-response/response/badRequest.go:3.68,5.19 2 1
github.com/igeargeek/igg-golang-api-response/response/badRequest.go:8.2,11.17 2 1
github.com/igeargeek/igg-golang-api-response/response/badRequest.go:5.19,7.3 1 1
github.com/igeargeek/igg-golang-api-response/response/item.go:3.78,5.19 2 1
github.com/igeargeek/igg-golang-api-response/response/item.go:8.2,12.17 2 1
github.com/igeargeek/igg-golang-api-response/response/item.go:5.19,7.3 1 1
github.com/igeargeek/igg-golang-api-response/response/paginate.go:5.87,7.19 2 1
github.com/igeargeek/igg-golang-api-response/response/paginate.go:10.2,22.17 4 1
github.com/igeargeek/igg-golang-api-response/response/paginate.go:7.19,9.3 1 1
github.com/igeargeek/igg-golang-api-response/response/validateFailed.go:3.101,5.19 2 1
github.com/igeargeek/igg-golang-api-response/response/validateFailed.go:8.2,12.17 2 1
github.com/igeargeek/igg-golang-api-response/response/validateFailed.go:5.19,7.3 1 1
